2022-10-15T10:53:39.423+0800	controller/handler.go:24	[GoAdmin] [37;44m 200 [0m [37;104m GET   [0m /admin/info/contract
2022-10-15T10:53:49.199+0800	controller/handler.go:24	[GoAdmin] [37;44m 200 [0m [37;104m GET   [0m /admin/info/contract/edit
2022-10-15T10:54:03.758+0800	controller/handler.go:24	[GoAdmin] [37;44m 200 [0m [37;104m POST   [0m /admin/edit/contract
2022-10-15T10:54:05.783+0800	controller/handler.go:24	[GoAdmin] [37;44m 200 [0m [37;104m GET   [0m /admin/info/contract
2022-10-15T10:54:41.765+0800	controller/handler.go:24	[GoAdmin] [37;44m 200 [0m [37;104m GET   [0m /admin/info/contract
2022-10-15T13:54:11.395+0800	controller/handler.go:24	[GoAdmin] [37;44m 200 [0m [37;104m GET   [0m /admin/login
2022-10-15T13:54:15.674+0800	controller/handler.go:24	[GoAdmin] [37;44m 200 [0m [37;104m GET   [0m /admin/login
2022-10-15T13:54:25.562+0800	controller/handler.go:24	[GoAdmin] [37;44m 200 [0m [37;104m POST   [0m /admin/signin
2022-10-15T13:54:31.622+0800	controller/handler.go:24	[GoAdmin] [37;44m 200 [0m [37;104m GET   [0m /admin/info/contract
2022-10-15T13:54:33.860+0800	controller/handler.go:24	[GoAdmin] [37;44m 200 [0m [37;104m GET   [0m /admin/info/contract/new
2022-10-15T13:55:54.256+0800	controller/handler.go:24	[GoAdmin] [37;44m 200 [0m [37;104m POST   [0m /admin/new/contract
2022-10-15T13:55:56.433+0800	controller/handler.go:24	[GoAdmin] [37;44m 200 [0m [37;104m GET   [0m /admin/info/contract
2022-10-15T13:56:14.904+0800	controller/handler.go:24	[GoAdmin] [37;44m 200 [0m [37;104m GET   [0m /admin/info/contract
2022-10-15T14:10:04.346+0800	controller/handler.go:24	[GoAdmin] [37;44m 200 [0m [37;104m GET   [0m /admin/info/contract
2022-10-15T14:12:51.550+0800	controller/handler.go:24	[GoAdmin] [37;44m 200 [0m [37;104m GET   [0m /admin/info/contract
2022-11-01T14:43:31.146+0800	controller/handler.go:24	[GoAdmin] [37;44m 200 [0m [37;104m GET   [0m /admin/login
2022-11-01T14:43:34.970+0800	controller/handler.go:24	[GoAdmin] [37;44m 200 [0m [37;104m GET   [0m /admin/login
2022-11-01T14:43:43.644+0800	controller/handler.go:24	[GoAdmin] [37;44m 200 [0m [37;104m POST   [0m /admin/signin
2022-11-01T14:43:46.369+0800	controller/handler.go:24	[GoAdmin] [37;44m 200 [0m [37;104m GET   [0m /admin/info/contract
2022-11-01T14:43:53.643+0800	controller/handler.go:24	[GoAdmin] [37;44m 200 [0m [37;104m GET   [0m /admin/info/contract/new
2022-11-01T14:45:10.996+0800	controller/handler.go:24	[GoAdmin] [37;44m 200 [0m [37;104m POST   [0m /admin/new/contract
2022-11-01T14:45:13.552+0800	controller/handler.go:24	[GoAdmin] [37;44m 200 [0m [37;104m GET   [0m /admin/info/contract
2022-11-01T14:45:37.470+0800	controller/handler.go:24	[GoAdmin] [37;44m 200 [0m [37;104m GET   [0m /admin/info/contract
2022-11-01T14:48:00.221+0800	controller/handler.go:24	[GoAdmin] [37;44m 200 [0m [37;104m GET   [0m /admin/info/contract/edit
2023-04-13T17:40:55.755+0800	controller/handler.go:24	[GoAdmin] [37;44m 200 [0m [37;104m GET   [0m /admin/login
2023-04-13T17:40:56.173+0800	controller/handler.go:24	[GoAdmin] [37;44m 200 [0m [37;104m GET   [0m /admin/assets/login/dist/all.min.css
2023-04-13T17:40:56.174+0800	controller/handler.go:24	[GoAdmin] [37;44m 200 [0m [37;104m GET   [0m /admin/assets/login/dist/all.min.js
2023-04-13T17:40:56.194+0800	controller/handler.go:24	[GoAdmin] [37;44m 200 [0m [37;104m GET   [0m /admin/assets/login/dist/all.min.js
2023-04-13T17:41:07.080+0800	controller/handler.go:24	[GoAdmin] [37;44m 200 [0m [37;104m POST   [0m /admin/signin
2023-04-13T17:41:07.320+0800	controller/handler.go:24	[GoAdmin] [37;44m 200 [0m [37;104m GET   [0m /admin/assets/dist/js/all.min.8425540791.js
2023-04-13T17:41:07.368+0800	controller/handler.go:24	[GoAdmin] [37;44m 200 [0m [37;104m GET   [0m /admin/assets/dist/css/all.min.8f4bd0c961.css
2023-04-13T17:41:07.702+0800	controller/handler.go:24	[GoAdmin] [37;44m 200 [0m [37;104m GET   [0m /admin/assets/dist/js/treeview.min.7780d3bb0f.js
2023-04-13T17:41:07.707+0800	controller/handler.go:24	[GoAdmin] [37;44m 200 [0m [37;104m GET   [0m /admin/assets/dist/js/datatable.min.581cdc109b.js
2023-04-13T17:41:07.874+0800	controller/handler.go:24	[GoAdmin] [37;44m 200 [0m [37;104m GET   [0m /admin/assets/chart.min.js
2023-04-13T17:41:07.896+0800	controller/handler.go:24	[GoAdmin] [37;44m 200 [0m [37;104m GET   [0m /admin/assets/dist/js/tree.min.e1faf8b7de.js
2023-04-13T17:41:07.907+0800	controller/handler.go:24	[GoAdmin] [37;44m 200 [0m [37;104m GET   [0m /admin/assets/dist/js/all_2.min.38a2a946b0.js
2023-04-13T17:41:07.913+0800	controller/handler.go:24	[GoAdmin] [37;44m 200 [0m [37;104m GET   [0m /admin/assets/dist/js/form.min.f8678914e9.js
2023-04-13T17:41:08.116+0800	controller/handler.go:24	[GoAdmin] [37;44m 200 [0m [37;104m GET   [0m /admin/assets/dist/fonts/fontawesome-webfont.woff2
2023-04-13T17:41:08.131+0800	controller/handler.go:24	[GoAdmin] [37;44m 200 [0m [37;104m GET   [0m /admin/assets/dist/css/fonts/6xK3dSBYKcSV-LCoeQqfX1RYOo3qOK7g.ttf
2023-04-13T17:41:08.532+0800	controller/handler.go:24	[GoAdmin] [37;44m 200 [0m [37;104m GET   [0m /admin/assets/dist/css/fonts/6xKydSBYKcSV-LCoeQqfX1RYOo3ig4vwlxdr.ttf
2023-04-13T17:41:08.551+0800	controller/handler.go:24	[GoAdmin] [37;44m 200 [0m [37;104m GET   [0m /admin/assets/dist/fonts/ionicons.ttf
2023-04-13T17:41:08.556+0800	controller/handler.go:24	[GoAdmin] [37;44m 200 [0m [37;104m GET   [0m /admin/assets/dist/css/fonts/6xKydSBYKcSV-LCoeQqfX1RYOo3ik4zwlxdr.ttf
2023-04-13T17:41:08.668+0800	controller/handler.go:24	[GoAdmin] [37;44m 200 [0m [37;104m GET   [0m /admin/assets/dist/css/fonts/6xKydSBYKcSV-LCoeQqfX1RYOo3i54rwlxdr.ttf
2023-04-13T17:41:08.880+0800	controller/handler.go:24	[GoAdmin] [37;44m 200 [0m [37;104m GET   [0m /admin/assets/dist/js/all.min.8425540791.js
2023-04-13T17:41:08.990+0800	controller/handler.go:24	[GoAdmin] [37;44m 200 [0m [37;104m GET   [0m /admin/assets/dist/js/treeview.min.7780d3bb0f.js
2023-04-13T17:41:09.025+0800	controller/handler.go:24	[GoAdmin] [37;44m 200 [0m [37;104m GET   [0m /admin/assets/dist/js/datatable.min.581cdc109b.js
2023-04-13T17:41:09.037+0800	controller/handler.go:24	[GoAdmin] [37;44m 200 [0m [37;104m GET   [0m /admin/assets/chart.min.js
2023-04-13T17:41:09.038+0800	controller/handler.go:24	[GoAdmin] [37;44m 200 [0m [37;104m GET   [0m /admin/assets/dist/js/tree.min.e1faf8b7de.js
2023-04-13T17:41:09.039+0800	controller/handler.go:24	[GoAdmin] [37;44m 200 [0m [37;104m GET   [0m /admin/assets/dist/js/all_2.min.38a2a946b0.js
2023-04-13T17:41:09.056+0800	controller/handler.go:24	[GoAdmin] [37;44m 200 [0m [37;104m GET   [0m /admin/assets/dist/js/form.min.f8678914e9.js
2023-04-13T17:41:20.364+0800	controller/handler.go:24	[GoAdmin] [37;44m 200 [0m [37;104m GET   [0m /admin/info/contract
2023-04-13T17:41:20.456+0800	controller/handler.go:24	[GoAdmin] [37;44m 200 [0m [37;104m GET   [0m /admin/assets/dist/css/blue.png
2023-04-13T17:41:28.603+0800	controller/handler.go:24	[GoAdmin] [37;44m 200 [0m [37;104m POST   [0m /admin/delete/contract
2023-04-13T17:41:28.629+0800	controller/handler.go:24	[GoAdmin] [37;44m 200 [0m [37;104m GET   [0m /admin/info/contract
2023-04-13T17:41:33.174+0800	controller/handler.go:24	[GoAdmin] [37;44m 200 [0m [37;104m POST   [0m /admin/delete/contract
2023-04-13T17:41:33.208+0800	controller/handler.go:24	[GoAdmin] [37;44m 200 [0m [37;104m GET   [0m /admin/info/contract
2023-04-13T17:41:38.599+0800	controller/handler.go:24	[GoAdmin] [37;44m 200 [0m [37;104m GET   [0m /admin/info/contract/edit
2023-04-13T17:41:52.447+0800	controller/handler.go:24	[GoAdmin] [37;44m 200 [0m [37;104m POST   [0m /admin/edit/contract
2023-04-13T17:42:00.915+0800	controller/handler.go:24	[GoAdmin] [37;44m 200 [0m [37;104m GET   [0m /admin/info/manager
2023-04-13T17:42:04.882+0800	controller/handler.go:24	[GoAdmin] [37;44m 200 [0m [37;104m GET   [0m /admin/info/manager/edit
2023-04-13T17:42:05.030+0800	controller/handler.go:24	[GoAdmin] [37;44m 200 [0m [37;104m GET   [0m /admin/assets/dist/fonts/glyphicons-halflings-regular.woff2
2023-04-13T17:42:14.217+0800	controller/handler.go:24	[GoAdmin] [37;44m 200 [0m [37;104m POST   [0m /admin/edit/manager
2023-04-13T18:13:15.786+0800	controller/handler.go:24	[GoAdmin] [37;44m 200 [0m [37;104m GET   [0m /admin/info/contract
2023-04-13T18:13:17.437+0800	controller/handler.go:24	[GoAdmin] [37;44m 200 [0m [37;104m GET   [0m /admin/assets/dist/img/avatar04.png
2023-04-13T18:13:23.767+0800	controller/handler.go:24	[GoAdmin] [37;44m 200 [0m [37;104m GET   [0m /admin/info/site/edit
2023-04-13T18:13:40.965+0800	controller/handler.go:24	[GoAdmin] [37;44m 200 [0m [37;104m POST   [0m /admin/edit/site
2023-04-13T18:13:42.121+0800	controller/handler.go:24	[GoAdmin] [37;44m 302 [0m [37;104m GET   [0m /admin/info/site
2023-04-13T18:13:42.231+0800	controller/handler.go:24	[GoAdmin] [37;44m 200 [0m [37;104m GET   [0m /admin/info/site/edit
2023-04-13T18:13:44.112+0800	controller/handler.go:24	[GoAdmin] [37;44m 200 [0m [37;104m GET   [0m /admin/info/contract
2023-04-13T18:13:58.500+0800	controller/handler.go:24	[GoAdmin] [37;44m 200 [0m [37;104m GET   [0m /admin/info/contract
2023-04-13T18:15:29.992+0800	controller/handler.go:24	[GoAdmin] [37;44m 200 [0m [37;104m GET   [0m /admin/info/contract/edit
2023-04-13T18:15:34.962+0800	controller/handler.go:24	[GoAdmin] [37;44m 200 [0m [37;104m POST   [0m /admin/edit/contract
2023-04-13T18:15:47.594+0800	controller/handler.go:24	[GoAdmin] [37;44m 200 [0m [37;104m GET   [0m /admin/info/contract/edit
2023-04-13T18:16:02.771+0800	controller/handler.go:24	[GoAdmin] [37;44m 200 [0m [37;104m POST   [0m /admin/edit/contract
2023-04-13T18:16:05.114+0800	controller/handler.go:24	[GoAdmin] [37;44m 200 [0m [37;104m GET   [0m /admin/info/contract
2023-04-13T18:17:02.029+0800	controller/handler.go:24	[GoAdmin] [37;44m 200 [0m [37;104m GET   [0m /admin/info/contract/edit
2023-04-13T18:17:16.114+0800	controller/handler.go:24	[GoAdmin] [37;44m 200 [0m [37;104m POST   [0m /admin/edit/contract
2023-04-13T18:17:18.465+0800	controller/handler.go:24	[GoAdmin] [37;44m 200 [0m [37;104m GET   [0m /admin/info/contract
2023-04-13T18:17:28.435+0800	controller/handler.go:24	[GoAdmin] [37;44m 200 [0m [37;104m GET   [0m /admin/info/contract/edit
2023-04-13T18:17:40.207+0800	controller/handler.go:24	[GoAdmin] [37;44m 200 [0m [37;104m POST   [0m /admin/edit/contract
2023-04-13T18:18:15.071+0800	controller/handler.go:24	[GoAdmin] [37;44m 200 [0m [37;104m GET   [0m /admin/info/site/edit
2023-04-13T18:19:00.272+0800	controller/handler.go:24	[GoAdmin] [37;44m 200 [0m [37;104m POST   [0m /admin/edit/site
2023-04-13T18:19:01.696+0800	controller/handler.go:24	[GoAdmin] [37;44m 302 [0m [37;104m GET   [0m /admin/info/site
2023-04-13T18:19:01.793+0800	controller/handler.go:24	[GoAdmin] [37;44m 200 [0m [37;104m GET   [0m /admin/info/site/edit
2023-04-13T18:19:03.213+0800	controller/handler.go:24	[GoAdmin] [37;44m 302 [0m [37;104m GET   [0m /admin/info/site
2023-04-13T18:19:03.279+0800	controller/handler.go:24	[GoAdmin] [37;44m 200 [0m [37;104m GET   [0m /admin/info/site/edit
2023-04-13T18:25:57.243+0800	controller/handler.go:24	[GoAdmin] [37;44m 200 [0m [37;104m GET   [0m /admin/info/contract
