2022-10-15T10:49:25.227+0800	[34mINFO[0m	engine/engine.go:402	=====> 初始化数据库连接
2022-10-15T10:49:25.233+0800	[34mINFO[0m	engine/engine.go:402	=====> 初始化配置
2022-10-15T10:49:25.236+0800	[34mINFO[0m	engine/engine.go:402	=====> 初始化导航栏按钮
2022-10-15T10:49:25.236+0800	[34mINFO[0m	engine/engine.go:402	=====> 初始化插件
2022-10-15T10:49:25.236+0800	[34mINFO[0m	engine/engine.go:402	=====> 初始化成功🍺🍺
2022-10-15T10:53:35.885+0800	[34mINFO[0m	engine/engine.go:402	=====> 初始化数据库连接
2022-10-15T10:53:35.892+0800	[34mINFO[0m	engine/engine.go:402	=====> 初始化配置
2022-10-15T10:53:35.895+0800	[34mINFO[0m	engine/engine.go:402	=====> 初始化导航栏按钮
2022-10-15T10:53:35.895+0800	[34mINFO[0m	engine/engine.go:402	=====> 初始化插件
2022-10-15T10:53:35.895+0800	[34mINFO[0m	engine/engine.go:402	=====> 初始化成功🍺🍺
2022-10-15T13:53:36.170+0800	[34mINFO[0m	engine/engine.go:402	=====> 初始化数据库连接
2022-10-15T13:53:36.179+0800	[34mINFO[0m	engine/engine.go:402	=====> 初始化配置
2022-10-15T13:53:36.183+0800	[34mINFO[0m	engine/engine.go:402	=====> 初始化导航栏按钮
2022-10-15T13:53:36.183+0800	[34mINFO[0m	engine/engine.go:402	=====> 初始化插件
2022-10-15T13:53:36.184+0800	[34mINFO[0m	engine/engine.go:402	=====> 初始化成功🍺🍺
2022-10-15T14:24:35.443+0800	[34mINFO[0m	engine/engine.go:402	=====> 初始化数据库连接
2022-10-15T14:24:35.451+0800	[34mINFO[0m	engine/engine.go:402	=====> 初始化配置
2022-10-15T14:24:35.455+0800	[34mINFO[0m	engine/engine.go:402	=====> 初始化导航栏按钮
2022-10-15T14:24:35.455+0800	[34mINFO[0m	engine/engine.go:402	=====> 初始化插件
2022-10-15T14:24:35.456+0800	[34mINFO[0m	engine/engine.go:402	=====> 初始化成功🍺🍺
2022-11-01T14:43:20.683+0800	[34mINFO[0m	engine/engine.go:402	=====> 初始化数据库连接
2022-11-01T14:43:20.693+0800	[34mINFO[0m	engine/engine.go:402	=====> 初始化配置
2022-11-01T14:43:20.697+0800	[34mINFO[0m	engine/engine.go:402	=====> 初始化导航栏按钮
2022-11-01T14:43:20.697+0800	[34mINFO[0m	engine/engine.go:402	=====> 初始化插件
2022-11-01T14:43:20.697+0800	[34mINFO[0m	engine/engine.go:402	=====> 初始化成功🍺🍺
2023-04-13T17:40:44.235+0800	[34mINFO[0m	engine/engine.go:402	=====> 初始化数据库连接
2023-04-13T17:40:44.242+0800	[34mINFO[0m	engine/engine.go:402	=====> 初始化配置
2023-04-13T17:40:44.245+0800	[34mINFO[0m	engine/engine.go:402	=====> 初始化导航栏按钮
2023-04-13T17:40:44.245+0800	[34mINFO[0m	engine/engine.go:402	=====> 初始化插件
2023-04-13T17:40:44.245+0800	[34mINFO[0m	engine/engine.go:402	=====> 初始化成功🍺🍺
2023-04-13T18:13:12.663+0800	[34mINFO[0m	engine/engine.go:402	=====> 初始化数据库连接
2023-04-13T18:13:12.676+0800	[34mINFO[0m	engine/engine.go:402	=====> 初始化配置
2023-04-13T18:13:12.680+0800	[34mINFO[0m	engine/engine.go:402	=====> 初始化导航栏按钮
2023-04-13T18:13:12.680+0800	[34mINFO[0m	engine/engine.go:402	=====> 初始化插件
2023-04-13T18:13:12.680+0800	[34mINFO[0m	engine/engine.go:402	=====> 初始化成功🍺🍺
2023-04-13T18:15:25.147+0800	[34mINFO[0m	engine/engine.go:402	=====> 初始化数据库连接
2023-04-13T18:15:25.160+0800	[34mINFO[0m	engine/engine.go:402	=====> 初始化配置
2023-04-13T18:15:25.166+0800	[34mINFO[0m	engine/engine.go:402	=====> 初始化导航栏按钮
2023-04-13T18:15:25.167+0800	[34mINFO[0m	engine/engine.go:402	=====> 初始化插件
2023-04-13T18:15:25.167+0800	[34mINFO[0m	engine/engine.go:402	=====> 初始化成功🍺🍺
